npm warn Unknown project config "puppeteer_skip_chromium_download". This will stop working in the next major version of npm.

> nuvio-streaming-addon@0.5.13 start
> node server.js

[addon.js] VidZee provider fetching enabled: true
[addon.js] MP4Hydra provider fetching enabled: true
[addon.js] UHDMovies provider fetching enabled: true
[addon.js] MoviesMod provider fetching enabled: true
[addon.js] TopMovies provider fetching enabled: true
[addon.js] SoaperTV provider fetching enabled: true
[addon.js] MoviesDrive provider fetching enabled: true
[addon.js] 4KHDHub provider fetching enabled: true
[addon.js] HDHub4u provider fetching enabled: true
[addon.js] Vixsrc provider fetching enabled: true
[addon.js] MovieBox provider fetching enabled: true
[addon.js] VidKing provider fetching enabled: true
[addon.js] AutoEmbed (Hindi) provider fetching enabled: true
[addon.js] Torrent provider fetching enabled: true
[addon.js] External providers: disabled
[addon.js] All providers will use local implementations
[addon.js] Stream links caching enabled
[addon.js] Redis caching not available
[UHDMovies] No proxy configured, using direct connections
[UHDMovies] Internal cache is enabled.
[UHDMovies Cache] Redis cache is disabled (USE_REDIS_CACHE is not 'true'). Using file system cache only.
[UHDMovies] URL validation is enabled.
[MoviesMod] No proxy configured, using direct connections
[MoviesMod Cache] Internal cache is enabled.
[MoviesMod Cache] Redis cache is disabled (USE_REDIS_CACHE is not 'true'). Using file system cache only.
[MoviesMod] URL validation is enabled.
[TopMovies] No proxy configured
[TopMovies] URL validation is enabled.
[TopMovies Cache] Redis cache is disabled (USE_REDIS_CACHE is not 'true'). Using file system cache only.
[MoviesDrive] Internal cache is enabled.
[MoviesDrive Cache] Redis cache is disabled (USE_REDIS_CACHE is not 'true'). Using file system cache only.
[4KHDHub Cache] Redis cache is disabled (USE_REDIS_CACHE is not 'true'). Using file system cache only.
[HDHub4u Cache] Internal cache is enabled.
[HDHub4u Cache] Redis cache is disabled (USE_REDIS_CACHE is not 'true'). Using file system cache only.
[HDHub4u] No proxy configured, using direct connections
[Analytics] GA4 Measurement Protocol is disabled. Set GA_MEASUREMENT_ID and GA_API_SECRET to enable.
Using proxy/direct mode with Showbox.js
Nuvio Streams Addon landing page available at http://localhost:7777
Default Addon Manifest available at: http://localhost:7777/manifest.json
To generate a personalized manifest, append ?cookie=YOUR_URL_ENCODED_COOKIE to the manifest URL.
Example: http://localhost:7777/manifest.json?cookie=ui%3Dyourcookievalue
Install example: stremio://localhost:7777/manifest.json?cookie=ui%3Dyourcookievalue
[Stream Cache] Cache directory ensured at C:\Users\rames\Downloads\New folder (6)\.streams_cache
Incoming request: /stream/movie/tt0133093.json
[addon.js] Read from global.currentRequestConfig: {}
[addon.js] No minimum quality preferences set by user.
[addon.js] No codec exclude preferences set by user.
--- FULL ARGS OBJECT (from SDK) ---
{
  "type": "movie",
  "id": "tt0133093",
  "extra": {},
  "config": {}
}
--- SDK ARGS.CONFIG (still logging for comparison) ---
{}
---------------------------------
Stream request for Stremio type: 'movie', id: 'tt0133093'
Effective request details: {"regionPreference":"none","hasCookie":false,"cookieCount":0,"selectedProviders":"all"}
[addon.js] No region preference found in global config.
[addon.js] No cookie found in global config.
[addon.js] No specific providers selected by user in global config, will attempt all.
  Received IMDb ID: tt0133093. Attempting to convert to TMDB ID.
  Attempting to convert IMDb ID: tt0133093 to TMDB ID (expected type: movie).
    Fetching from TMDB find API: https://api.themoviedb.org/3/find/tt0133093?api_key=439c478a771f35c05022f9feabcca01c&external_source=imdb_id
convertImdbToTmdb_apiCall_tt0133093: 5.036s
    Error during TMDB find API call for IMDb ID tt0133093: timeout of 5000ms exceeded
convertImdbToTmdb_total_tt0133093: 5.037s
  Failed to convert IMDb ID tt0133093 to TMDB ID. Entering fallback mode for providers supporting IMDb ID.
TMDB_API_KEY is not configured. Cannot fetch full title/year/genres.
[Stream Cache] Checking cache for all enabled providers...
Running parallel provider fetches with caching...
[ShowBox] Fetching new streams...
[ShowBox] Attempt 1/3
[ShowBox] Getting streams for TMDB movie/tt0133093
[ShowBox] Making request to: https://febapi.nuvioapp.space/api/media/movie/tt0133093/oss=USA7
[File Cache] RETRY for previously failed soapertv: streams_soapertv_movie_tt0133093.json
[SoaperTV] Fetching new streams...
[Soaper TV] Attempting to fetch streams for TMDB ID: tt0133093, Type: movie
[Soaper TV] Fetching TMDB info from: https://api.themoviedb.org/3/movie/tt0133093?api_key=439c478a771f35c05022f9feabcca01c
[File Cache] RETRY for previously failed vidsrc: streams_vidsrc_movie_tt0133093.json
[VidSrc] Fetching new streams...
[VidSrc] Attempting to fetch streams for TMDB ID: tt0133093, Type: movie, Season: null, Episode: null
[VidSrc Direct] Fetching: https://vidsrc.xyz/embed/movie/tt0133093
[File Cache] RETRY for previously failed vidzee: streams_vidzee_movie_tt0133093.json
[VidZee] Fetching new streams...
[VidZee] Fetching from server 3: https://player.vidzee.wtf/api/server?id=tt0133093&sr=3
[VidZee] Fetching from server 4: https://player.vidzee.wtf/api/server?id=tt0133093&sr=4
[VidZee] Fetching from server 5: https://player.vidzee.wtf/api/server?id=tt0133093&sr=5
[File Cache] RETRY for previously failed mp4hydra: streams_mp4hydra_movie_tt0133093.json
[MP4Hydra] Fetching new streams...
[MP4Hydra] Fetching streams for TMDB ID: tt0133093, Type: movie, Season: null, Episode: null
[MP4Hydra] Fetching movie details for TMDB ID: tt0133093
[File Cache] RETRY for previously failed moviesmod: streams_moviesmod_movie_tt0133093.json
[MoviesMod] Fetching new streams...
[MoviesMod] Using local provider
[MoviesMod] Fetching streams for TMDB movie/tt0133093
[File Cache] RETRY for previously failed moviesdrive: streams_moviesdrive_movie_tt0133093.json
[MoviesDrive] Fetching new streams...
[MoviesDrive] Fetching streams for TMDB ID: tt0133093, Type: movie
[File Cache] RETRY for previously failed 4khdhub: streams_4khdhub_movie_tt0133093.json
[4KHDHub] Fetching new streams...
[4KHDHub] Fetching TMDB details from: https://api.themoviedb.org/3/movie/tt0133093?api_key=439c478a771f35c05022f9feabcca01c
[File Cache] RETRY for previously failed topmovies: streams_topmovies_movie_tt0133093.json
[TopMovies] Fetching new streams...
[TopMovies] Using local provider
[TopMovies] Attempting to fetch streams for TMDB ID: tt0133093
[File Cache] RETRY for previously failed hdhub4u: streams_hdhub4u_movie_tt0133093.json
[HDHub4u] Fetching new streams...
[HDHub4u] ===== STARTING STREAM FETCH =====
[HDHub4u] Fetching streams for "null" (null) - TMDB movie/tt0133093
[HDHub4u] TMDB ID: tt0133093
[HDHub4u] Current domain: https://hdhub4u.frl
[File Cache] RETRY for previously failed vixsrc: streams_vixsrc_movie_tt0133093.json
[Vixsrc] Fetching new streams...
[Vixsrc] Fetching streams for TMDB ID: tt0133093, Type: movie
[File Cache] RETRY for previously failed moviebox: streams_moviebox_movie_tt0133093.json
[MovieBox] Fetching new streams...
[MovieBox] Fetching streams for TMDB ID: tt0133093, Type: movie
[File Cache] HIT for vidking: streams_vidking_movie_tt0133093.json
[VidKing] Using 5 streams from cache.
[File Cache] HIT for autoembed: streams_autoembed_movie_tt0133093.json
[AutoEmbed] Using 5 streams from cache.
[File Cache] HIT for torrent: streams_torrent_movie_tt0133093.json
[Torrent] Using 10 streams from cache.
[File Cache] RETRY for previously failed uhdmovies: streams_uhdmovies_movie_tt0133093.json
[UHDMovies] Fetching new streams...
[UHDMovies] Using local provider
[UHDMovies] Attempting to fetch streams for TMDB ID: tt0133093, Type: movie
[MoviesMod Cache] FILE SYSTEM CACHE MISS for: moviesmod_final_v17_tt0133093_movie
[MoviesMod Cache] MISS for key: moviesmod_final_v17_tt0133093_movie. Fetching from source.
[TopMovies Cache] FILE SYSTEM CACHE MISS for: topmovies_final_v16_tt0133093
[TopMovies Cache] MISS for key: topmovies_final_v16_tt0133093. Fetching from source.
[TopMovies Cache] MISS for key: topmovies_final_v16_tt0133093. Fetching from source.
[UHDMovies Cache] FILE SYSTEM CACHE MISS for: uhd_final_v22_tt0133093_movie
[UHDMovies] Cache MISS for uhd_final_v22_tt0133093_movie. Fetching from source.
[UHDMovies] Cache MISS for uhd_final_v22_tt0133093_movie. Fetching from source.
[MoviesDrive Cache] FILE SYSTEM CACHE HIT for: tmdb_movie_tt0133093
[MoviesDrive] Cache hit for TMDB metadata: tmdb_movie_tt0133093
[MoviesDrive] Could not construct search query
[MoviesDrive] No streams returned.
[File Cache] SAVED for moviesdrive: streams_moviesdrive_movie_tt0133093.json (0 streams, status: failed, TTL: 21600s)
[HDHub4u] Updating domain from https://hdhub4u.frl to https://new1.hdhub4u.fo
[HDHub4u] Cache key: hdhub4u_final_v1_movie_tt0133093
[HDHub4u Cache] FILE SYSTEM CACHE MISS for: hdhub4u_final_v1_movie_tt0133093
[HDHub4u Cache] MISS for key: hdhub4u_final_v1_movie_tt0133093
[HDHub4u] No title provided for movie/tt0133093
[HDHub4u] No streams returned.
[File Cache] SAVED for hdhub4u: streams_hdhub4u_movie_tt0133093.json (0 streams, status: failed, TTL: 21600s)
getStreamsFromTmdbId_total_movie_tt0133093: 4.369s
[ShowBox] Error fetching streams: Request failed with status code 500 (Status: 500)
[ShowBox] No streams returned for TMDB movie/tt0133093 on attempt 1
[ShowBox] Waiting 1000ms before retry...
[ShowBox] Response data: {"success":false,"error":"UI cookie is required. Please provide cookie parameter in your request."}
[ShowBox] Attempt 2/3
[ShowBox] Getting streams for TMDB movie/tt0133093
[ShowBox] Making request to: https://febapi.nuvioapp.space/api/media/movie/tt0133093/oss=USA7
[VidZee S3] Error fetching: No response received.
[VidZee S4] Error fetching: No response received.
[VidZee S5] Error fetching: 404 Not Found
[VidZee] Found a total of 0 streams from servers 3, 4, 5.
[VidZee] No streams returned.
[File Cache] SAVED for vidzee: streams_vidzee_movie_tt0133093.json (0 streams, status: failed, TTL: 21600s)
[ShowBox] Error fetching streams: Request failed with status code 500 (Status: 500)
[ShowBox] Response data: {"success":false,"error":"UI cookie is required. Please provide cookie parameter in your request."}
getStreamsFromTmdbId_total_movie_tt0133093: 2.503s
[ShowBox] No streams returned for TMDB movie/tt0133093 on attempt 2
[ShowBox] Waiting 2000ms before retry...
[ShowBox] Attempt 3/3
[ShowBox] Getting streams for TMDB movie/tt0133093
[ShowBox] Making request to: https://febapi.nuvioapp.space/api/media/movie/tt0133093/oss=USA7
[VidSrc] Error fetching streams: fetch failed
[VidSrc] No streams returned.
[MovieBox] Error in getMovieBoxStreams: fetch failed
[MovieBox] No streams returned.
[Vixsrc] Request failed for https://api.themoviedb.org/3/movie/tt0133093?api_key=68e094699525b18a70bab2f86b1fa706: fetch failed
[Vixsrc] Error in getVixsrcStreams: fetch failed
[Vixsrc] No streams returned.
[File Cache] SAVED for vidsrc: streams_vidsrc_movie_tt0133093.json (0 streams, status: failed, TTL: 21600s)
[File Cache] SAVED for vixsrc: streams_vixsrc_movie_tt0133093.json (0 streams, status: failed, TTL: 21600s)
[File Cache] SAVED for moviebox: streams_moviebox_movie_tt0133093.json (0 streams, status: failed, TTL: 21600s)
[ShowBox] Error fetching streams: Request failed with status code 500 (Status: 500)
[ShowBox] Response data: {"success":false,"error":"UI cookie is required. Please provide cookie parameter in your request."}
[ShowBox] All 3 attempts failed. Last error: Unknown error
getStreamsFromTmdbId_total_movie_tt0133093: 1.313s
[ShowBox] No streams returned for TMDB movie/tt0133093 on attempt 3
[Timeout] 30-second timeout reached. Returning fetched links so far.
[Timeout] Collecting results from completed providers...
[Timeout] Provider ShowBox returned no streams.
[Timeout] Provider Soaper TV returned no streams.
[Timeout] Provider VidSrc returned no streams.
[Timeout] Provider VidZee returned no streams.
[Timeout] Provider MP4Hydra returned no streams.
[Timeout] Provider UHDMovies returned no streams.
[Timeout] Provider MoviesMod returned no streams.
[Timeout] Provider TopMovies returned no streams.
[Timeout] Provider MoviesDrive returned no streams.
[Timeout] Provider 4KHDHub returned no streams.
[Timeout] Provider HDHub4u returned no streams.
[Timeout] Provider Vixsrc returned no streams.
[Timeout] Provider MovieBox returned no streams.
[Timeout] Provider VidKing completed with 5 streams.
[Timeout] Provider AutoEmbed completed with 5 streams.
[Timeout] Provider Torrent completed with 10 streams.
[ShowBox] No minimum quality filter applied (set to 'all' or not specified).
[ShowBox] No codec exclusions applied.
[Soaper TV] No minimum quality filter applied (set to 'all' or not specified).
[Soaper TV] No codec exclusions applied.
[VidSrc] No minimum quality filter applied (set to 'all' or not specified).
[VidSrc] No codec exclusions applied.
[VidZee] No minimum quality filter applied (set to 'all' or not specified).
[VidZee] No codec exclusions applied.
[MP4Hydra] No minimum quality filter applied (set to 'all' or not specified).
[MP4Hydra] No codec exclusions applied.
[UHDMovies] No minimum quality filter applied (set to 'all' or not specified).
[UHDMovies] No codec exclusions applied.
[MoviesMod] No minimum quality filter applied (set to 'all' or not specified).
[MoviesMod] No codec exclusions applied.
[TopMovies] No minimum quality filter applied (set to 'all' or not specified).
[TopMovies] No codec exclusions applied.
[MoviesDrive] No minimum quality filter applied (set to 'all' or not specified).
[MoviesDrive] No codec exclusions applied.
[4KHDHub] No minimum quality filter applied (set to 'all' or not specified).
[4KHDHub] No codec exclusions applied.
[HDHub4u] No minimum quality filter applied (set to 'all' or not specified).
[HDHub4u] No codec exclusions applied.
[Vixsrc] No minimum quality filter applied (set to 'all' or not specified).
[Vixsrc] No codec exclusions applied.
[MovieBox] No minimum quality filter applied (set to 'all' or not specified).
[MovieBox] No codec exclusions applied.
[VidKing] No minimum quality filter applied (set to 'all' or not specified).
[VidKing] No codec exclusions applied.
[AutoEmbed] No minimum quality filter applied (set to 'all' or not specified).
[AutoEmbed] No codec exclusions applied.
Sorting streams for each provider by quality, then size...
Total raw streams after provider-ordered fetch: 20
Total streams after provider-level sorting: 20
--- BEGIN Stremio Stream Objects to be sent ---
[
  {
    "name": "Nuvio | TPB",
    "title": "≡ƒîƒ TPB ΓÇó 2160p\n≡ƒôª 7.06 GB ΓÇó ≡ƒî▒ 7 seeds",
    "infoHash": "A82BEFB436727E7925A129662980589A10235C50",
    "type": "torrent",
    "sources": [
      "magnet:?xt=urn:btih:A82BEFB436727E7925A129662980589A10235C50&dn=The%20Man%20in%20the%20High%20Castle%20S03E10%20Jahr%20Null%202160p%20AMZN%20WEB-DL%20DDP5%201%20HDR%20H%20&tr=udp%3A%2F%2Ftracker.opentrackr.org%3A1337%2Fannounce&tr=udp%3A%2F%2Fopen.tracker.cl%3A1337%2Fannounce&tr=udp%3A%2F%2F9.rarbg.com%3A2810%2Fannounce&tr=udp%3A%2F%2Ftracker.openbittorrent.com%3A80%2Fannounce&tr=udp%3A%2F%2Fopentracker.i2p.rocks%3A6969%2Fannounce&tr=udp%3A%2F%2Ftracker.internetwarriors.net%3A1337%2Fannounce&tr=udp%3A%2F%2Ftracker.leechers-paradise.org%3A6969%2Fannounce&tr=udp%3A%2F%2Fcoppersurfer.tk%3A6969%2Fannounce&tr=udp%3A%2F%2Ftracker.zer0day.to%3A1337%2Fannounce&tr=udp%3A%2F%2Ftracker.tiny-vps.com%3A6969%2Fannounce&tr=udp%3A%2F%2Fopen.stealth.si%3A80%2Fannounce&tr=udp%3A%2F%2Ftracker.torrent.eu.org%3A451%2Fannounce&tr=udp%3A%2F%2Fexodus.desync.com%3A6969%2Fannounce&tr=udp%3A%2F%2Fyourbittorrent.com%3A80%2Fannounce&tr=udp%3A%2F%2Fipv4.tracker.harry.lu%3A80%2Fannounce&tr=udp%3A%2F%2Ftracker.moeking.me%3A6969%2Fannounce&tr=https%3A%2F%2Ftracker.tamersunion.org%3A443%2Fannounce&tr=https%3A%2F%2Ftracker.lilithraws.org%3A443%2Fannounce&tr=http%3A%2F%2Ftracker.bt4g.com%3A2095%2Fannounce&tr=udp%3A%2F%2Ftracker.cyberia.is%3A6969%2Fannounce"
    ],
    "seeds": 7,
    "behaviorHints": {
      "bingeGroup": "tpb-A82BEFB436727E7925A129662980589A10235C50"
    }
  },
  {
    "name": "Nuvio | TPB",
    "title": "≡ƒÄ¼ TPB ΓÇó 1080p\n≡ƒôª 2.51 GB ΓÇó ≡ƒî▒ 7 seeds",
    "infoHash": "0204CFCE1465476BE38CCF1E649A6A6F1F1AD82B",
    "type": "torrent",
    "sources": [
      "magnet:?xt=urn:btih:0204CFCE1465476BE38CCF1E649A6A6F1F1AD82B&dn=The%20Man%20in%20the%20High%20Castle%20S03E10%20Jahr%20Null%201080p%20WEBRip%20HDR10%2010Bit%20DDP5%201&tr=udp%3A%2F%2Ftracker.opentrackr.org%3A1337%2Fannounce&tr=udp%3A%2F%2Fopen.tracker.cl%3A1337%2Fannounce&tr=udp%3A%2F%2F9.rarbg.com%3A2810%2Fannounce&tr=udp%3A%2F%2Ftracker.openbittorrent.com%3A80%2Fannounce&tr=udp%3A%2F%2Fopentracker.i2p.rocks%3A6969%2Fannounce&tr=udp%3A%2F%2Ftracker.internetwarriors.net%3A1337%2Fannounce&tr=udp%3A%2F%2Ftracker.leechers-paradise.org%3A6969%2Fannounce&tr=udp%3A%2F%2Fcoppersurfer.tk%3A6969%2Fannounce&tr=udp%3A%2F%2Ftracker.zer0day.to%3A1337%2Fannounce&tr=udp%3A%2F%2Ftracker.tiny-vps.com%3A6969%2Fannounce&tr=udp%3A%2F%2Fopen.stealth.si%3A80%2Fannounce&tr=udp%3A%2F%2Ftracker.torrent.eu.org%3A451%2Fannounce&tr=udp%3A%2F%2Fexodus.desync.com%3A6969%2Fannounce&tr=udp%3A%2F%2Fyourbittorrent.com%3A80%2Fannounce&tr=udp%3A%2F%2Fipv4.tracker.harry.lu%3A80%2Fannounce&tr=udp%3A%2F%2Ftracker.moeking.me%3A6969%2Fannounce&tr=https%3A%2F%2Ftracker.tamersunion.org%3A443%2Fannounce&tr=https%3A%2F%2Ftracker.lilithraws.org%3A443%2Fannounce&tr=http%3A%2F%2Ftracker.bt4g.com%3A2095%2Fannounce&tr=udp%3A%2F%2Ftracker.cyberia.is%3A6969%2Fannounce"
    ],
    "seeds": 7,
    "behaviorHints": {
      "bingeGroup": "tpb-0204CFCE1465476BE38CCF1E649A6A6F1F1AD82B"
    }
  },
  {
    "name": "Nuvio | TPB",
    "title": "≡ƒô║ TPB ΓÇó 720p\n≡ƒôª 12.41 GB ΓÇó ≡ƒî▒ 4 seeds",
    "infoHash": "39BED764790627EA4FBA5B2518B8ADC5882ED477",
    "type": "torrent",
    "sources": [
      "magnet:?xt=urn:btih:39BED764790627EA4FBA5B2518B8ADC5882ED477&dn=Spread%20your%20beautiful%20legs%20and%20blush!%20Insert%20a%20null%20into%20the%20wet%20CA%20Oma!&tr=udp%3A%2F%2Ftracker.opentrackr.org%3A1337%2Fannounce&tr=udp%3A%2F%2Fopen.tracker.cl%3A1337%2Fannounce&tr=udp%3A%2F%2F9.rarbg.com%3A2810%2Fannounce&tr=udp%3A%2F%2Ftracker.openbittorrent.com%3A80%2Fannounce&tr=udp%3A%2F%2Fopentracker.i2p.rocks%3A6969%2Fannounce&tr=udp%3A%2F%2Ftracker.internetwarriors.net%3A1337%2Fannounce&tr=udp%3A%2F%2Ftracker.leechers-paradise.org%3A6969%2Fannounce&tr=udp%3A%2F%2Fcoppersurfer.tk%3A6969%2Fannounce&tr=udp%3A%2F%2Ftracker.zer0day.to%3A1337%2Fannounce&tr=udp%3A%2F%2Ftracker.tiny-vps.com%3A6969%2Fannounce&tr=udp%3A%2F%2Fopen.stealth.si%3A80%2Fannounce&tr=udp%3A%2F%2Ftracker.torrent.eu.org%3A451%2Fannounce&tr=udp%3A%2F%2Fexodus.desync.com%3A6969%2Fannounce&tr=udp%3A%2F%2Fyourbittorrent.com%3A80%2Fannounce&tr=udp%3A%2F%2Fipv4.tracker.harry.lu%3A80%2Fannounce&tr=udp%3A%2F%2Ftracker.moeking.me%3A6969%2Fannounce&tr=https%3A%2F%2Ftracker.tamersunion.org%3A443%2Fannounce&tr=https%3A%2F%2Ftracker.lilithraws.org%3A443%2Fannounce&tr=http%3A%2F%2Ftracker.bt4g.com%3A2095%2Fannounce&tr=udp%3A%2F%2Ftracker.cyberia.is%3A6969%2Fannounce"
    ],
    "seeds": 4,
    "behaviorHints": {
      "bingeGroup": "tpb-39BED764790627EA4FBA5B2518B8ADC5882ED477"
    }
  }
]
... and 17 more streams
--- END Stremio Stream Objects to be sent ---
Request for tt0133093 completed successfully
--- Request Timings Summary ---
{
  "VidKing": "21ms",
  "AutoEmbed": "22ms",
  "Torrent": "22ms",
  "MoviesDrive": "31ms",
  "HDHub4u": "243ms",
  "VidZee": "7.08s",
  "VidSrc": "10.73s",
  "Vixsrc": "10.73s",
  "MovieBox": "10.73s",
  "ShowBox": "11.20s"
}
Total Request Time: 20.16s
-------------------------------
[server.js] Cleared cookie and region preference after request processing
[MP4Hydra] Error fetching details from TMDB: connect ETIMEDOUT 49.44.79.236:443
[MP4Hydra] Could not fetch details for TMDB ID: tt0133093
[MP4Hydra] No streams returned.
[Soaper TV] Error in getSoaperTvStreams for TMDB ID tt0133093: request to https://api.themoviedb.org/3/movie/tt0133093?api_key=439c478a771f35c05022f9feabcca01c failed, reason: connect ETIMEDOUT 49.44.79.236:443 FetchError: request to https://api.themoviedb.org/3/movie/tt0133093?api_key=439c478a771f35c05022f9feabcca01c failed, reason: connect ETIMEDOUT 49.44.79.236:443
    at ClientRequest.<anonymous> (C:\Users\rames\Downloads\New folder (6)\node_modules\node-fetch\lib\index.js:1501:11)
    at ClientRequest.emit (node:events:518:28)
    at emitErrorEvent (node:_http_client:104:11)
    at TLSSocket.socketErrorListener (node:_http_client:518:5)
    at TLSSocket.emit (node:events:518:28)
    at emitErrorNT (node:internal/streams/destroy:170:8)
    at emitErrorCloseNT (node:internal/streams/destroy:129:3)
    at process.processTicksAndRejections (node:internal/process/task_queues:90:21)
[SoaperTV] No streams returned.
[File Cache] SAVED for mp4hydra: streams_mp4hydra_movie_tt0133093.json (0 streams, status: failed, TTL: 21600s)
[File Cache] SAVED for soapertv: streams_soapertv_movie_tt0133093.json (0 streams, status: failed, TTL: 21600s)
[4KHDHub] TMDB request failed: connect ETIMEDOUT 49.44.79.236:443
[4KHDHub] No streams returned.
[MoviesMod] No streams returned.
[MoviesMod] Error getting streams: request to https://api.themoviedb.org/3/movie/tt0133093?api_key=439c478a771f35c05022f9feabcca01c&language=en-US failed, reason: connect ETIMEDOUT 49.44.79.236:443
[UHDMovies] A critical error occurred in getUHDMoviesStreams for tt0133093: connect ETIMEDOUT 49.44.79.236:443
[UHDMovies] No streams returned.
Error: connect ETIMEDOUT 49.44.79.236:443
    at AxiosError.from (C:\Users\rames\Downloads\New folder (6)\node_modules\axios\dist\node\axios.cjs:863:14)
    at RedirectableRequest.handleRequestError (C:\Users\rames\Downloads\New folder (6)\node_modules\axios\dist\node\axios.cjs:3187:25)
    at RedirectableRequest.emit (node:events:518:28)
    at eventHandlers.<computed> (C:\Users\rames\Downloads\New folder (6)\node_modules\follow-redirects\index.js:49:24)
    at ClientRequest.emit (node:events:518:28)
    at emitErrorEvent (node:_http_client:104:11)
    at TLSSocket.socketErrorListener (node:_http_client:518:5)
    at TLSSocket.emit (node:events:518:28)
    at emitErrorNT (node:internal/streams/destroy:170:8)
    at emitErrorCloseNT (node:internal/streams/destroy:129:3)
    at Axios.request (C:\Users\rames\Downloads\New folder (6)\node_modules\axios\dist\node\axios.cjs:4276:41)
    at process.processTicksAndRejections (node:internal/process/task_queues:105:5)
    at async getUHDMoviesStreams (C:\Users\rames\Downloads\New folder (6)\providers\uhdmovies.js:1448:28)
    at async Object.uhdmovies (C:\Users\rames\Downloads\New folder (6)\addon.js:1398:31)
    at async timeProvider (C:\Users\rames\Downloads\New folder (6)\addon.js:1102:24)
[TopMovies] No streams returned.
[TopMovies] A critical error occurred for TMDB ID tt0133093: connect ETIMEDOUT 49.44.79.236:443
[File Cache] SAVED for 4khdhub: streams_4khdhub_movie_tt0133093.json (0 streams, status: failed, TTL: 21600s)
[File Cache] SAVED for moviesmod: streams_moviesmod_movie_tt0133093.json (0 streams, status: failed, TTL: 21600s)
[File Cache] SAVED for uhdmovies: streams_uhdmovies_movie_tt0133093.json (0 streams, status: failed, TTL: 21600s)
[File Cache] SAVED for topmovies: streams_topmovies_movie_tt0133093.json (0 streams, status: failed, TTL: 21600s)
